<?xml version="1.0" encoding="UTF-8"?>
<testsuites>
  <testsuite name="Test suite" timestamp="2023-01-22T21:54:39" time="74.547" tests="9" failures="0" errors="0" skipped="0">
    <properties>
      <property name="specId" value="0"/>
      <property name="suiteName" value="Test suite "/>
      <property name="capabilities" value="chrome.109_0_5414_75.windows"/>
      <property name="file" value="file:///C:/Users/Andrei_Hudkou2/Desktop/Learn/JS/AutomationBase/Course/ui_tests/test/specs/test.spec.js"/>
    </properties>
    <testcase classname="chrome.109_0_5414_75.windows.Test_suite_" name="First test" time="3.879">
      <system-out><![CDATA[
COMMAND: POST /session/0dc366618dad32ba2d73c76dc3daf758/url - {"url":"https://ej2.syncfusion.com/showcase/angular/appointmentplanner/#/dashboard"}
RESULT: {"url":"https://ej2.syncfusion.com/showcase/angular/appointmentplanner/#/dashboard"}
COMMAND: GET /session/0dc366618dad32ba2d73c76dc3daf758/title - {}
RESULT: {}
]]></system-out>
    </testcase>
    <testcase classname="chrome.109_0_5414_75.windows.Test_suite_" name="second Test" time="0.493">
      <system-out><![CDATA[
COMMAND: POST /session/0dc366618dad32ba2d73c76dc3daf758/element - {"using":"css selector","value":"div.doctors"}
RESULT: {"using":"css selector","value":"div.doctors"}
COMMAND: POST /session/0dc366618dad32ba2d73c76dc3daf758/element/7ab9e704-4e63-482b-a6f9-886ef988001b/click - {}
RESULT: {}
COMMAND: POST /session/0dc366618dad32ba2d73c76dc3daf758/element - {"using":"xpath","value":"//button[text()='Add New Doctor']"}
RESULT: {"using":"xpath","value":"//button[text()='Add New Doctor']"}
COMMAND: POST /session/0dc366618dad32ba2d73c76dc3daf758/element/d2bbd244-e45d-4cb5-9822-a03ba9d542b0/click - {}
RESULT: {}
COMMAND: POST /session/0dc366618dad32ba2d73c76dc3daf758/element - {"using":"css selector","value":"input[name='Name']"}
RESULT: {"using":"css selector","value":"input[name='Name']"}
COMMAND: POST /session/0dc366618dad32ba2d73c76dc3daf758/element/86bce303-531d-400c-890e-a66e1be001db/clear - {}
RESULT: {}
COMMAND: POST /session/0dc366618dad32ba2d73c76dc3daf758/element/86bce303-531d-400c-890e-a66e1be001db/value - {"text":"John Doe"}
RESULT: {"text":"John Doe"}
COMMAND: POST /session/0dc366618dad32ba2d73c76dc3daf758/element - {"using":"xpath","value":"//button[text()='Save']"}
RESULT: {"using":"xpath","value":"//button[text()='Save']"}
COMMAND: POST /session/0dc366618dad32ba2d73c76dc3daf758/element/71ad3f50-ac07-4fc4-bff4-5c8ed8164500/click - {}
RESULT: {}
COMMAND: POST /session/0dc366618dad32ba2d73c76dc3daf758/element - {"using":"css selector","value":"label#Email-info"}
RESULT: {"using":"css selector","value":"label#Email-info"}
COMMAND: GET /session/0dc366618dad32ba2d73c76dc3daf758/element/5f419568-591e-4213-a239-0cc1fb2a4874/text - {}
RESULT: {}
]]></system-out>
    </testcase>
    <testcase classname="chrome.109_0_5414_75.windows.Test_suite_" name="Check that Add New Doctor is clickable" time="0.109">
      <system-out><![CDATA[
COMMAND: POST /session/0dc366618dad32ba2d73c76dc3daf758/element - {"using":"xpath","value":"//button[text()='Cancel']"}
RESULT: {"using":"xpath","value":"//button[text()='Cancel']"}
COMMAND: POST /session/0dc366618dad32ba2d73c76dc3daf758/element/d258bfd5-e59b-4237-b668-5bb4ad407d96/click - {}
RESULT: {}
COMMAND: POST /session/0dc366618dad32ba2d73c76dc3daf758/element - {"using":"xpath","value":"//button[text()='Add New Doctor']"}
RESULT: {"using":"xpath","value":"//button[text()='Add New Doctor']"}
COMMAND: POST /session/0dc366618dad32ba2d73c76dc3daf758/execute/sync - {"script":"return (function isElementDisplayed(element) {\n    function nodeIsElement(node) {\n        if (!node) {\n            return false;\n        }\n        switch (node.nodeType) {\n            case Node.ELEMEN ... (7807 more bytes)","args":[{"element-6066-11e4-a52e-4f735466cecf":"d2bbd244-e45d-4cb5-9822-a03ba9d542b0","ELEMENT":"d2bbd244-e45d-4cb5-9822-a03ba9d542b0"}]}
RESULT: {"script":"return (function isElementDisplayed(element) {\n    function nodeIsElement(node) {\n        if (!node) {\n            return false;\n        }\n        switch (node.nodeType) {\n            case Node.ELEMEN ... (7807 more bytes)","args":[{"element-6066-11e4-a52e-4f735466cecf":"d2bbd244-e45d-4cb5-9822-a03ba9d542b0","ELEMENT":"d2bbd244-e45d-4cb5-9822-a03ba9d542b0"}]}
COMMAND: POST /session/0dc366618dad32ba2d73c76dc3daf758/execute/sync - {"script":"return (function isElementClickable(elem) {\n    if (!elem.getBoundingClientRect || !elem.scrollIntoView || !elem.contains || !elem.getClientRects || !document.elementFromPoint) {\n        return false; ... (5151 more bytes)","args":[{"element-6066-11e4-a52e-4f735466cecf":"d2bbd244-e45d-4cb5-9822-a03ba9d542b0","ELEMENT":"d2bbd244-e45d-4cb5-9822-a03ba9d542b0"}]}
RESULT: {"script":"return (function isElementClickable(elem) {\n    if (!elem.getBoundingClientRect || !elem.scrollIntoView || !elem.contains || !elem.getClientRects || !document.elementFromPoint) {\n        return false; ... (5151 more bytes)","args":[{"element-6066-11e4-a52e-4f735466cecf":"d2bbd244-e45d-4cb5-9822-a03ba9d542b0","ELEMENT":"d2bbd244-e45d-4cb5-9822-a03ba9d542b0"}]}
]]></system-out>
    </testcase>
    <testcase classname="chrome.109_0_5414_75.windows.Test_suite_" name="Check URL contain calendar" time="0.614">
      <system-out><![CDATA[
COMMAND: POST /session/0dc366618dad32ba2d73c76dc3daf758/element - {"using":"css selector","value":"span[title='calendar']"}
RESULT: {"using":"css selector","value":"span[title='calendar']"}
COMMAND: POST /session/0dc366618dad32ba2d73c76dc3daf758/element/54d936f2-0bfd-4738-865a-d3f87ab59374/click - {}
RESULT: {}
COMMAND: POST /session/0dc366618dad32ba2d73c76dc3daf758/element - {"using":"css selector","value":"span[class='e-tbar-btn-text']"}
RESULT: {"using":"css selector","value":"span[class='e-tbar-btn-text']"}
COMMAND: GET /session/0dc366618dad32ba2d73c76dc3daf758/element/dfdb2b87-8b58-42b8-a4c8-4cc29e215d8a/text - {}
RESULT: {}
]]></system-out>
    </testcase>
    <testcase classname="chrome.109_0_5414_75.windows.Test_suite_" name="urlContain CALENDAR" time="0.01">
      <system-out><![CDATA[
COMMAND: GET /session/0dc366618dad32ba2d73c76dc3daf758/url - {}
RESULT: {}
]]></system-out>
    </testcase>
    <testcase classname="chrome.109_0_5414_75.windows.Test_suite_" name="Change Border of doctor choose dropdown" time="4.025">
      <system-out><![CDATA[
COMMAND: POST /session/0dc366618dad32ba2d73c76dc3daf758/element - {"using":"css selector","value":"span[class='e-input-group e-control-wrapper e-specialist-doctors e-ddl e-lib e-keyboard']"}
RESULT: {"using":"css selector","value":"span[class='e-input-group e-control-wrapper e-specialist-doctors e-ddl e-lib e-keyboard']"}
COMMAND: POST /session/0dc366618dad32ba2d73c76dc3daf758/execute/sync - {"script":"return (function(docChoose){\r\n            docChoose.style.border='red solid 2px';\r\n            \r\n        }).apply(null, arguments)","args":[{"element-6066-11e4-a52e-4f735466cecf":"eb98eef1-8e19-4c1a-9f2a-5f104901e406","ELEMENT":"eb98eef1-8e19-4c1a-9f2a-5f104901e406"}]}
RESULT: {"script":"return (function(docChoose){\r\n            docChoose.style.border='red solid 2px';\r\n            \r\n        }).apply(null, arguments)","args":[{"element-6066-11e4-a52e-4f735466cecf":"eb98eef1-8e19-4c1a-9f2a-5f104901e406","ELEMENT":"eb98eef1-8e19-4c1a-9f2a-5f104901e406"}]}
]]></system-out>
    </testcase>
    <testcase classname="chrome.109_0_5414_75.windows.Test_suite_" name="waitUntil" time="6.029">
      <system-out><![CDATA[
COMMAND: POST /session/0dc366618dad32ba2d73c76dc3daf758/url - {"url":"https://ej2.syncfusion.com/react/demos/progress-bar/semi-circular/"}
RESULT: {"url":"https://ej2.syncfusion.com/react/demos/progress-bar/semi-circular/"}
COMMAND: POST /session/0dc366618dad32ba2d73c76dc3daf758/element - {"using":"css selector","value":"#reLoad"}
RESULT: {"using":"css selector","value":"#reLoad"}
COMMAND: POST /session/0dc366618dad32ba2d73c76dc3daf758/element/71b4232c-4001-45a7-95e9-4ab8f4879ca2/click - {}
RESULT: {}
COMMAND: POST /session/0dc366618dad32ba2d73c76dc3daf758/element - {"using":"css selector","value":"#point1"}
RESULT: {"using":"css selector","value":"#point1"}
COMMAND: GET /session/0dc366618dad32ba2d73c76dc3daf758/element/82ed7443-844f-4e93-97c9-7ec525043826/text - {}
RESULT: {}
COMMAND: POST /session/0dc366618dad32ba2d73c76dc3daf758/element - {"using":"css selector","value":"#point1"}
RESULT: {"using":"css selector","value":"#point1"}
COMMAND: GET /session/0dc366618dad32ba2d73c76dc3daf758/element/82ed7443-844f-4e93-97c9-7ec525043826/text - {}
RESULT: {}
COMMAND: POST /session/0dc366618dad32ba2d73c76dc3daf758/element - {"using":"css selector","value":"#point1"}
RESULT: {"using":"css selector","value":"#point1"}
COMMAND: GET /session/0dc366618dad32ba2d73c76dc3daf758/element/82ed7443-844f-4e93-97c9-7ec525043826/text - {}
RESULT: {}
COMMAND: POST /session/0dc366618dad32ba2d73c76dc3daf758/element - {"using":"css selector","value":"#point1"}
RESULT: {"using":"css selector","value":"#point1"}
COMMAND: GET /session/0dc366618dad32ba2d73c76dc3daf758/element/82ed7443-844f-4e93-97c9-7ec525043826/text - {}
RESULT: {}
COMMAND: POST /session/0dc366618dad32ba2d73c76dc3daf758/element - {"using":"css selector","value":"#point1"}
RESULT: {"using":"css selector","value":"#point1"}
COMMAND: GET /session/0dc366618dad32ba2d73c76dc3daf758/element/82ed7443-844f-4e93-97c9-7ec525043826/text - {}
RESULT: {}
]]></system-out>
    </testcase>
    <testcase classname="chrome.109_0_5414_75.windows.Test_suite_" name="Choose Period of time in Calendar" time="54.37">
      <system-out><![CDATA[
COMMAND: POST /session/0dc366618dad32ba2d73c76dc3daf758/url - {"url":"https://ej2.syncfusion.com/demos/#/bootstrap5/schedule/overview.html"}
RESULT: {"url":"https://ej2.syncfusion.com/demos/#/bootstrap5/schedule/overview.html"}
COMMAND: POST /session/0dc366618dad32ba2d73c76dc3daf758/element - {"using":"css selector","value":"tr [data-date = '1674369000000']"}
RESULT: {"using":"css selector","value":"tr [data-date = '1674369000000']"}
COMMAND: POST /session/0dc366618dad32ba2d73c76dc3daf758/element - {"using":"css selector","value":"tr [data-date = '1674379800000']"}
RESULT: {"using":"css selector","value":"tr [data-date = '1674379800000']"}
COMMAND: POST /session/0dc366618dad32ba2d73c76dc3daf758/elements - {"using":"css selector","value":"tr [data-date = '1674369000000']"}
RESULT: {"using":"css selector","value":"tr [data-date = '1674369000000']"}
COMMAND: POST /session/0dc366618dad32ba2d73c76dc3daf758/elements - {"using":"css selector","value":"tr [data-date = '1674369000000']"}
RESULT: {"using":"css selector","value":"tr [data-date = '1674369000000']"}
COMMAND: POST /session/0dc366618dad32ba2d73c76dc3daf758/elements - {"using":"css selector","value":"tr [data-date = '1674369000000']"}
RESULT: {"using":"css selector","value":"tr [data-date = '1674369000000']"}
COMMAND: POST /session/0dc366618dad32ba2d73c76dc3daf758/elements - {"using":"css selector","value":"tr [data-date = '1674369000000']"}
RESULT: {"using":"css selector","value":"tr [data-date = '1674369000000']"}
COMMAND: POST /session/0dc366618dad32ba2d73c76dc3daf758/elements - {"using":"css selector","value":"tr [data-date = '1674369000000']"}
RESULT: {"using":"css selector","value":"tr [data-date = '1674369000000']"}
COMMAND: POST /session/0dc366618dad32ba2d73c76dc3daf758/element - {"using":"css selector","value":"tr [data-date = '1674369000000']"}
RESULT: {"using":"css selector","value":"tr [data-date = '1674369000000']"}
COMMAND: POST /session/0dc366618dad32ba2d73c76dc3daf758/element/f3d42edb-8386-482c-ad9c-7310c704c0a2/click - {}
RESULT: {}
COMMAND: POST /session/0dc366618dad32ba2d73c76dc3daf758/actions - {"actions":[{"type":"key","id":"keyboard","actions":[{"type":"keyDown","value":""}]}]}
RESULT: {"actions":[{"type":"key","id":"keyboard","actions":[{"type":"keyDown","value":""}]}]}
COMMAND: POST /session/0dc366618dad32ba2d73c76dc3daf758/elements - {"using":"css selector","value":"tr [data-date = '1674379800000']"}
RESULT: {"using":"css selector","value":"tr [data-date = '1674379800000']"}
COMMAND: POST /session/0dc366618dad32ba2d73c76dc3daf758/element - {"using":"css selector","value":"tr [data-date = '1674379800000']"}
RESULT: {"using":"css selector","value":"tr [data-date = '1674379800000']"}
COMMAND: POST /session/0dc366618dad32ba2d73c76dc3daf758/element/12d93f98-606c-46e2-b671-cf2eb0a0503e/click - {}
RESULT: {}
COMMAND: POST /session/0dc366618dad32ba2d73c76dc3daf758/actions - {"actions":[{"type":"key","id":"keyboard","actions":[{"type":"keyUp","value":""}]}]}
RESULT: {"actions":[{"type":"key","id":"keyboard","actions":[{"type":"keyUp","value":""}]}]}
]]></system-out>
    </testcase>
    <testcase classname="chrome.109_0_5414_75.windows.Test_suite_" name="Cookie Actions" time="5.015">
      <system-out><![CDATA[
COMMAND: POST /session/0dc366618dad32ba2d73c76dc3daf758/url - {"url":"https://ej2.syncfusion.com/showcase/angular/appointmentplanner/#/dashboard"}
RESULT: {"url":"https://ej2.syncfusion.com/showcase/angular/appointmentplanner/#/dashboard"}
COMMAND: POST /session/0dc366618dad32ba2d73c76dc3daf758/cookie - {"cookie":{"name":"andyCookie","value":"coookieActions"}}
RESULT: {"cookie":{"name":"andyCookie","value":"coookieActions"}}
COMMAND: GET /session/0dc366618dad32ba2d73c76dc3daf758/cookie - {}
RESULT: {}
COMMAND: DELETE /session/0dc366618dad32ba2d73c76dc3daf758/cookie/andyCookie - {}
RESULT: {}
COMMAND: DELETE /session/0dc366618dad32ba2d73c76dc3daf758 - {}
RESULT: {}
]]></system-out>
    </testcase>
  </testsuite>
</testsuites>