<?xml version='1.0'?>
<ns2:test-suite xmlns:ns2='urn:model.allure.qatools.yandex.ru' start='1672779136466' stop='1672779156785'>
    <name>Test suite </name>
    <title>Test suite </title>
    <test-cases>
        <test-case start='1672779136467' status='passed' stop='1672779143081'>
            <name>First test</name>
            <title>First test</title>
            <labels>
                <label name='language' value='javascript'/>
                <label name='framework' value='wdio'/>
                <label name='thread' value='1-1'/>
            </labels>
            <parameters>
                <parameter kind='argument' name='browser' value='firefox-108.0.1'/>
            </parameters>
            <steps/>
            <attachments/>
        </test-case>
        <test-case start='1672779143081' status='passed' stop='1672779144653'>
            <name>second Test</name>
            <title>second Test</title>
            <labels>
                <label name='language' value='javascript'/>
                <label name='framework' value='wdio'/>
                <label name='thread' value='1-1'/>
            </labels>
            <parameters>
                <parameter kind='argument' name='browser' value='firefox-108.0.1'/>
            </parameters>
            <steps/>
            <attachments/>
        </test-case>
        <test-case start='1672779144654' status='passed' stop='1672779145410'>
            <name>Check that 'Add New Doctor is clickable'</name>
            <title>Check that 'Add New Doctor is clickable'</title>
            <labels>
                <label name='language' value='javascript'/>
                <label name='framework' value='wdio'/>
                <label name='thread' value='1-1'/>
            </labels>
            <parameters>
                <parameter kind='argument' name='browser' value='firefox-108.0.1'/>
            </parameters>
            <steps/>
            <attachments/>
        </test-case>
        <test-case start='1672779145410' status='failed' stop='1672779156716'>
            <name>Check URL contain calendar</name>
            <title>Check URL contain calendar</title>
            <labels>
                <label name='language' value='javascript'/>
                <label name='framework' value='wdio'/>
                <label name='thread' value='1-1'/>
            </labels>
            <parameters>
                <parameter kind='argument' name='browser' value='firefox-108.0.1'/>
            </parameters>
            <steps/>
            <attachments/>
            <failure>
                <message>Expect $(`span[class='e-tbar-btn-text']`) to have text containing
                
                Expected: "2020"
                Received: undefined</message>
                <stack-trace>Error: Expect $(`span[class='e-tbar-btn-text']`) to have text containing
                
                Expected: "2020"
                Received: undefined
                    at Context.&lt;anonymous> (C:\Users\Andrei_Hudkou2\Desktop\Learn\JS\AutomationBase\UI\test\specs\test.spec.js:29:30)
                    at process.processTicksAndRejections (node:internal/process/task_queues:95:5)</stack-trace>
            </failure>
        </test-case>
        <test-case start='1672779156717' status='passed' stop='1672779156722'>
            <name>urlContain CALENDAR</name>
            <title>urlContain CALENDAR</title>
            <labels>
                <label name='language' value='javascript'/>
                <label name='framework' value='wdio'/>
                <label name='thread' value='1-1'/>
            </labels>
            <parameters>
                <parameter kind='argument' name='browser' value='firefox-108.0.1'/>
            </parameters>
            <steps/>
            <attachments/>
        </test-case>
        <test-case start='1672779156722' status='broken' stop='1672779156784'>
            <name>Change Border of doctor choose dropdown</name>
            <title>Change Border of doctor choose dropdown</title>
            <labels>
                <label name='language' value='javascript'/>
                <label name='framework' value='wdio'/>
                <label name='thread' value='1-1'/>
            </labels>
            <parameters>
                <parameter kind='argument' name='browser' value='firefox-108.0.1'/>
            </parameters>
            <steps/>
            <attachments/>
            <failure>
                <message>The element with selector ".e-input-group e-control-wrapper e-specialist-doctors e-ddl e-lib e-keyboard" you are trying to pass into the execute method wasn't found</message>
                <stack-trace>Error: The element with selector ".e-input-group e-control-wrapper e-specialist-doctors e-ddl e-lib e-keyboard" you are trying to pass into the execute method wasn't found
                    at Array.map (&lt;anonymous>)
                    at process.processTicksAndRejections (node:internal/process/task_queues:95:5)
                    at async Context.&lt;anonymous> (C:\Users\Andrei_Hudkou2\Desktop\Learn\JS\AutomationBase\UI\test\specs\test.spec.js:37:9)</stack-trace>
            </failure>
        </test-case>
    </test-cases>
</ns2:test-suite>