<?xml version='1.0'?>
<ns2:test-suite xmlns:ns2='urn:model.allure.qatools.yandex.ru' start='1675611222584' stop='1675611252356'>
    <name>Doctors page</name>
    <title>Doctors page</title>
    <test-cases>
        <test-case start='1675611222585' status='passed' stop='1675611224487'>
            <name>Check the corectness of the page title</name>
            <title>Check the corectness of the page title</title>
            <labels>
                <label name='language' value='javascript'/>
                <label name='framework' value='wdio'/>
                <label name='thread' value='1-0'/>
                <label name='language' value='javascript'/>
                <label name='framework' value='wdio'/>
                <label name='thread' value='1-0'/>
            </labels>
            <parameters>
                <parameter kind='argument' name='browser' value='firefox-109.0.1'/>
                <parameter kind='argument' name='browser' value='firefox-109.0.1'/>
            </parameters>
            <steps/>
            <attachments/>
        </test-case>
        <test-case start='1675611224488' status='passed' stop='1675611225228'>
            <name>Open modal window for adding a new doctor</name>
            <title>Open modal window for adding a new doctor</title>
            <labels>
                <label name='language' value='javascript'/>
                <label name='framework' value='wdio'/>
                <label name='thread' value='1-0'/>
                <label name='language' value='javascript'/>
                <label name='framework' value='wdio'/>
                <label name='thread' value='1-0'/>
            </labels>
            <parameters>
                <parameter kind='argument' name='browser' value='firefox-109.0.1'/>
                <parameter kind='argument' name='browser' value='firefox-109.0.1'/>
            </parameters>
            <steps/>
            <attachments/>
        </test-case>
        <test-case start='1675611225228' status='broken' stop='1675611235733'>
            <name>Add New doctor</name>
            <title>Add New doctor</title>
            <labels>
                <label name='language' value='javascript'/>
                <label name='framework' value='wdio'/>
                <label name='thread' value='1-0'/>
                <label name='language' value='javascript'/>
                <label name='framework' value='wdio'/>
                <label name='thread' value='1-0'/>
            </labels>
            <parameters>
                <parameter kind='argument' name='browser' value='firefox-109.0.1'/>
                <parameter kind='argument' name='browser' value='firefox-109.0.1'/>
            </parameters>
            <steps/>
            <attachments/>
            <failure>
                <message>Can't call $ on element with selector ".specialization-types" because element wasn't found</message>
                <stack-trace>Error: Can't call $ on element with selector ".specialization-types" because element wasn't found
                    at async Context.&lt;anonymous> (C:\Users\Andrei_Hudkou2\Desktop\Learn\JS\AutomationBase\Course\ui_tests\src\tests\simple.tests.js:28:9)</stack-trace>
            </failure>
        </test-case>
        <test-case start='1675611235734' status='passed' stop='1675611236544'>
            <name>close modal window</name>
            <title>close modal window</title>
            <labels>
                <label name='language' value='javascript'/>
                <label name='framework' value='wdio'/>
                <label name='thread' value='1-0'/>
                <label name='language' value='javascript'/>
                <label name='framework' value='wdio'/>
                <label name='thread' value='1-0'/>
            </labels>
            <parameters>
                <parameter kind='argument' name='browser' value='firefox-109.0.1'/>
                <parameter kind='argument' name='browser' value='firefox-109.0.1'/>
            </parameters>
            <steps/>
            <attachments/>
        </test-case>
        <test-case start='1675611236544' status='passed' stop='1675611237365'>
            <name>Is modal window displayed? or exist on doctors page</name>
            <title>Is modal window displayed? or exist on doctors page</title>
            <labels>
                <label name='language' value='javascript'/>
                <label name='framework' value='wdio'/>
                <label name='thread' value='1-0'/>
                <label name='language' value='javascript'/>
                <label name='framework' value='wdio'/>
                <label name='thread' value='1-0'/>
            </labels>
            <parameters>
                <parameter kind='argument' name='browser' value='firefox-109.0.1'/>
                <parameter kind='argument' name='browser' value='firefox-109.0.1'/>
            </parameters>
            <steps/>
            <attachments/>
        </test-case>
        <test-case start='1675611237366' status='broken' stop='1675611247800'>
            <name>Change Border of doctor choose dropdown</name>
            <title>Change Border of doctor choose dropdown</title>
            <labels>
                <label name='language' value='javascript'/>
                <label name='framework' value='wdio'/>
                <label name='thread' value='1-0'/>
                <label name='language' value='javascript'/>
                <label name='framework' value='wdio'/>
                <label name='thread' value='1-0'/>
            </labels>
            <parameters>
                <parameter kind='argument' name='browser' value='firefox-109.0.1'/>
                <parameter kind='argument' name='browser' value='firefox-109.0.1'/>
            </parameters>
            <steps/>
            <attachments/>
            <failure>
                <message>Can't call $ on element with selector ".specialization-types" because element wasn't found</message>
                <stack-trace>Error: Can't call $ on element with selector ".specialization-types" because element wasn't found
                    at async Context.&lt;anonymous> (C:\Users\Andrei_Hudkou2\Desktop\Learn\JS\AutomationBase\Course\ui_tests\src\tests\simple.tests.js:80:27)</stack-trace>
            </failure>
        </test-case>
        <test-case start='1675611247800' status='passed' stop='1675611252355'>
            <name>Cookie Actions</name>
            <title>Cookie Actions</title>
            <labels>
                <label name='language' value='javascript'/>
                <label name='framework' value='wdio'/>
                <label name='thread' value='1-0'/>
                <label name='language' value='javascript'/>
                <label name='framework' value='wdio'/>
                <label name='thread' value='1-0'/>
            </labels>
            <parameters>
                <parameter kind='argument' name='browser' value='firefox-109.0.1'/>
                <parameter kind='argument' name='browser' value='firefox-109.0.1'/>
            </parameters>
            <steps/>
            <attachments/>
        </test-case>
    </test-cases>
</ns2:test-suite>