<?xml version='1.0'?>
<ns2:test-suite xmlns:ns2='urn:model.allure.qatools.yandex.ru' start='1675608994733' stop='1675609014349'>
    <name>Doctors page</name>
    <title>Doctors page</title>
    <test-cases>
        <test-case start='1675608994734' status='passed' stop='1675608996526'>
            <name>Check the corectness of the page title</name>
            <title>Check the corectness of the page title</title>
            <labels>
                <label name='language' value='javascript'/>
                <label name='framework' value='wdio'/>
                <label name='thread' value='1-0'/>
                <label name='language' value='javascript'/>
                <label name='framework' value='wdio'/>
                <label name='thread' value='1-0'/>
            </labels>
            <parameters>
                <parameter kind='argument' name='browser' value='firefox-109.0.1'/>
                <parameter kind='argument' name='browser' value='firefox-109.0.1'/>
            </parameters>
            <steps/>
            <attachments/>
        </test-case>
        <test-case start='1675608996527' status='passed' stop='1675608997184'>
            <name>Open modal window for adding a new doctor</name>
            <title>Open modal window for adding a new doctor</title>
            <labels>
                <label name='language' value='javascript'/>
                <label name='framework' value='wdio'/>
                <label name='thread' value='1-0'/>
                <label name='language' value='javascript'/>
                <label name='framework' value='wdio'/>
                <label name='thread' value='1-0'/>
            </labels>
            <parameters>
                <parameter kind='argument' name='browser' value='firefox-109.0.1'/>
                <parameter kind='argument' name='browser' value='firefox-109.0.1'/>
            </parameters>
            <steps/>
            <attachments/>
        </test-case>
        <test-case start='1675608997184' status='broken' stop='1675609007622'>
            <name>Add New doctor</name>
            <title>Add New doctor</title>
            <labels>
                <label name='language' value='javascript'/>
                <label name='framework' value='wdio'/>
                <label name='thread' value='1-0'/>
                <label name='language' value='javascript'/>
                <label name='framework' value='wdio'/>
                <label name='thread' value='1-0'/>
            </labels>
            <parameters>
                <parameter kind='argument' name='browser' value='firefox-109.0.1'/>
                <parameter kind='argument' name='browser' value='firefox-109.0.1'/>
            </parameters>
            <steps/>
            <attachments/>
            <failure>
                <message>Can't call $ on element with selector ".specialization-types" because element wasn't found</message>
                <stack-trace>Error: Can't call $ on element with selector ".specialization-types" because element wasn't found
                    at async Context.&lt;anonymous> (C:\Users\Andrei_Hudkou2\Desktop\Learn\JS\AutomationBase\Course\ui_tests\src\tests\simple.tests.js:28:9)</stack-trace>
            </failure>
        </test-case>
        <test-case start='1675609007623' status='passed' stop='1675609008478'>
            <name>close modal window</name>
            <title>close modal window</title>
            <labels>
                <label name='language' value='javascript'/>
                <label name='framework' value='wdio'/>
                <label name='thread' value='1-0'/>
                <label name='language' value='javascript'/>
                <label name='framework' value='wdio'/>
                <label name='thread' value='1-0'/>
            </labels>
            <parameters>
                <parameter kind='argument' name='browser' value='firefox-109.0.1'/>
                <parameter kind='argument' name='browser' value='firefox-109.0.1'/>
            </parameters>
            <steps/>
            <attachments/>
        </test-case>
        <test-case start='1675609008479' status='passed' stop='1675609009333'>
            <name>Is modal window displayed? or exist on doctors page</name>
            <title>Is modal window displayed? or exist on doctors page</title>
            <labels>
                <label name='language' value='javascript'/>
                <label name='framework' value='wdio'/>
                <label name='thread' value='1-0'/>
                <label name='language' value='javascript'/>
                <label name='framework' value='wdio'/>
                <label name='thread' value='1-0'/>
            </labels>
            <parameters>
                <parameter kind='argument' name='browser' value='firefox-109.0.1'/>
                <parameter kind='argument' name='browser' value='firefox-109.0.1'/>
            </parameters>
            <steps/>
            <attachments/>
        </test-case>
        <test-case start='1675609009334' status='broken' stop='1675609009804'>
            <name>Change Border of doctor choose dropdown</name>
            <title>Change Border of doctor choose dropdown</title>
            <labels>
                <label name='language' value='javascript'/>
                <label name='framework' value='wdio'/>
                <label name='thread' value='1-0'/>
                <label name='language' value='javascript'/>
                <label name='framework' value='wdio'/>
                <label name='thread' value='1-0'/>
            </labels>
            <parameters>
                <parameter kind='argument' name='browser' value='firefox-109.0.1'/>
                <parameter kind='argument' name='browser' value='firefox-109.0.1'/>
            </parameters>
            <steps/>
            <attachments/>
            <failure>
                <message>TypeError: dropDown.style is undefined</message>
                <stack-trace>javascript error: TypeError: dropDown.style is undefined
                    at process.processTicksAndRejections (node:internal/process/task_queues:95:5)
                    at async Context.&lt;anonymous> (C:\Users\Andrei_Hudkou2\Desktop\Learn\JS\AutomationBase\Course\ui_tests\src\tests\simple.tests.js:81:9)</stack-trace>
            </failure>
        </test-case>
        <test-case start='1675609009804' status='passed' stop='1675609014348'>
            <name>Cookie Actions</name>
            <title>Cookie Actions</title>
            <labels>
                <label name='language' value='javascript'/>
                <label name='framework' value='wdio'/>
                <label name='thread' value='1-0'/>
                <label name='language' value='javascript'/>
                <label name='framework' value='wdio'/>
                <label name='thread' value='1-0'/>
            </labels>
            <parameters>
                <parameter kind='argument' name='browser' value='firefox-109.0.1'/>
                <parameter kind='argument' name='browser' value='firefox-109.0.1'/>
            </parameters>
            <steps/>
            <attachments/>
        </test-case>
    </test-cases>
</ns2:test-suite>