<?xml version='1.0'?>
<ns2:test-suite xmlns:ns2='urn:model.allure.qatools.yandex.ru' start='1674675019954' stop='1674675025416'>
    <name>Doctors page</name>
    <title>Doctors page</title>
    <test-cases>
        <test-case start='1674675019955' status='passed' stop='1674675024118'>
            <name>Check the corectness of the page title</name>
            <title>Check the corectness of the page title</title>
            <labels>
                <label name='language' value='javascript'/>
                <label name='framework' value='wdio'/>
                <label name='thread' value='0-0'/>
                <label name='language' value='javascript'/>
                <label name='framework' value='wdio'/>
                <label name='thread' value='0-0'/>
            </labels>
            <parameters>
                <parameter kind='argument' name='browser' value='chrome-109.0.5414.75'/>
                <parameter kind='argument' name='browser' value='chrome-109.0.5414.75'/>
            </parameters>
            <steps/>
            <attachments/>
        </test-case>
        <test-case start='1674675024118' status='passed' stop='1674675024727'>
            <name>Open modal window for adding a new doctor</name>
            <title>Open modal window for adding a new doctor</title>
            <labels>
                <label name='language' value='javascript'/>
                <label name='framework' value='wdio'/>
                <label name='thread' value='0-0'/>
                <label name='language' value='javascript'/>
                <label name='framework' value='wdio'/>
                <label name='thread' value='0-0'/>
            </labels>
            <parameters>
                <parameter kind='argument' name='browser' value='chrome-109.0.5414.75'/>
                <parameter kind='argument' name='browser' value='chrome-109.0.5414.75'/>
            </parameters>
            <steps/>
            <attachments/>
        </test-case>
        <test-case start='1674675024727' status='broken' stop='1674675025072'>
            <name>Add New doctor</name>
            <title>Add New doctor</title>
            <labels>
                <label name='language' value='javascript'/>
                <label name='framework' value='wdio'/>
                <label name='thread' value='0-0'/>
                <label name='language' value='javascript'/>
                <label name='framework' value='wdio'/>
                <label name='thread' value='0-0'/>
            </labels>
            <parameters>
                <parameter kind='argument' name='browser' value='chrome-109.0.5414.75'/>
                <parameter kind='argument' name='browser' value='chrome-109.0.5414.75'/>
            </parameters>
            <steps/>
            <attachments/>
            <failure>
                <message>Found non-callable @@iterator</message>
                <stack-trace>TypeError: Found non-callable @@iterator
                    at process.processTicksAndRejections (node:internal/process/task_queues:95:5)
                    at async Context.&lt;anonymous> (C:\Users\Andrei_Hudkou2\Desktop\Learn\JS\AutomationBase\Course\ui_tests\src\tests\simple.tests.js:34:9)</stack-trace>
            </failure>
        </test-case>
        <test-case start='1674675025072' status='broken' stop='1674675025415'>
            <name>close modal window</name>
            <title>close modal window</title>
            <labels>
                <label name='language' value='javascript'/>
                <label name='framework' value='wdio'/>
                <label name='thread' value='0-0'/>
                <label name='language' value='javascript'/>
                <label name='framework' value='wdio'/>
                <label name='thread' value='0-0'/>
            </labels>
            <parameters>
                <parameter kind='argument' name='browser' value='chrome-109.0.5414.75'/>
                <parameter kind='argument' name='browser' value='chrome-109.0.5414.75'/>
            </parameters>
            <steps/>
            <attachments/>
            <failure>
                <message>Found non-callable @@iterator</message>
                <stack-trace>TypeError: Found non-callable @@iterator
                    at process.processTicksAndRejections (node:internal/process/task_queues:95:5)
                    at async Context.&lt;anonymous> (C:\Users\Andrei_Hudkou2\Desktop\Learn\JS\AutomationBase\Course\ui_tests\src\tests\simple.tests.js:60:9)</stack-trace>
            </failure>
        </test-case>
    </test-cases>
</ns2:test-suite>