<?xml version='1.0'?>
<ns2:test-suite xmlns:ns2='urn:model.allure.qatools.yandex.ru' start='1675608782811' stop='1675608812510'>
    <name>Doctors page</name>
    <title>Doctors page</title>
    <test-cases>
        <test-case start='1675608782811' status='passed' stop='1675608785547'>
            <name>Check the corectness of the page title</name>
            <title>Check the corectness of the page title</title>
            <labels>
                <label name='language' value='javascript'/>
                <label name='framework' value='wdio'/>
                <label name='thread' value='1-0'/>
                <label name='language' value='javascript'/>
                <label name='framework' value='wdio'/>
                <label name='thread' value='1-0'/>
            </labels>
            <parameters>
                <parameter kind='argument' name='browser' value='firefox-109.0.1'/>
                <parameter kind='argument' name='browser' value='firefox-109.0.1'/>
            </parameters>
            <steps/>
            <attachments/>
        </test-case>
        <test-case start='1675608785547' status='passed' stop='1675608786170'>
            <name>Open modal window for adding a new doctor</name>
            <title>Open modal window for adding a new doctor</title>
            <labels>
                <label name='language' value='javascript'/>
                <label name='framework' value='wdio'/>
                <label name='thread' value='1-0'/>
                <label name='language' value='javascript'/>
                <label name='framework' value='wdio'/>
                <label name='thread' value='1-0'/>
            </labels>
            <parameters>
                <parameter kind='argument' name='browser' value='firefox-109.0.1'/>
                <parameter kind='argument' name='browser' value='firefox-109.0.1'/>
            </parameters>
            <steps/>
            <attachments/>
        </test-case>
        <test-case start='1675608786170' status='broken' stop='1675608796606'>
            <name>Add New doctor</name>
            <title>Add New doctor</title>
            <labels>
                <label name='language' value='javascript'/>
                <label name='framework' value='wdio'/>
                <label name='thread' value='1-0'/>
                <label name='language' value='javascript'/>
                <label name='framework' value='wdio'/>
                <label name='thread' value='1-0'/>
            </labels>
            <parameters>
                <parameter kind='argument' name='browser' value='firefox-109.0.1'/>
                <parameter kind='argument' name='browser' value='firefox-109.0.1'/>
            </parameters>
            <steps/>
            <attachments/>
            <failure>
                <message>Can't call $ on element with selector ".specialization-types" because element wasn't found</message>
                <stack-trace>Error: Can't call $ on element with selector ".specialization-types" because element wasn't found
                    at async Context.&lt;anonymous> (C:\Users\Andrei_Hudkou2\Desktop\Learn\JS\AutomationBase\Course\ui_tests\src\tests\simple.tests.js:28:9)</stack-trace>
            </failure>
        </test-case>
        <test-case start='1675608796606' status='passed' stop='1675608797437'>
            <name>close modal window</name>
            <title>close modal window</title>
            <labels>
                <label name='language' value='javascript'/>
                <label name='framework' value='wdio'/>
                <label name='thread' value='1-0'/>
                <label name='language' value='javascript'/>
                <label name='framework' value='wdio'/>
                <label name='thread' value='1-0'/>
            </labels>
            <parameters>
                <parameter kind='argument' name='browser' value='firefox-109.0.1'/>
                <parameter kind='argument' name='browser' value='firefox-109.0.1'/>
            </parameters>
            <steps/>
            <attachments/>
        </test-case>
        <test-case start='1675608797438' status='broken' stop='1675608807902'>
            <name>Is modal window displayed? or exist on doctors page</name>
            <title>Is modal window displayed? or exist on doctors page</title>
            <labels>
                <label name='language' value='javascript'/>
                <label name='framework' value='wdio'/>
                <label name='thread' value='1-0'/>
                <label name='language' value='javascript'/>
                <label name='framework' value='wdio'/>
                <label name='thread' value='1-0'/>
            </labels>
            <parameters>
                <parameter kind='argument' name='browser' value='firefox-109.0.1'/>
                <parameter kind='argument' name='browser' value='firefox-109.0.1'/>
            </parameters>
            <steps/>
            <attachments/>
            <failure>
                <message>Can't call $ on element with selector ".specialization-types" because element wasn't found</message>
                <stack-trace>Error: Can't call $ on element with selector ".specialization-types" because element wasn't found
                    at runNextTicks (node:internal/process/task_queues:60:5)
                    at listOnTimeout (node:internal/timers:533:9)
                    at process.processTimers (node:internal/timers:507:7)
                    at async Context.&lt;anonymous> (C:\Users\Andrei_Hudkou2\Desktop\Learn\JS\AutomationBase\Course\ui_tests\src\tests\simple.tests.js:69:9)</stack-trace>
            </failure>
        </test-case>
        <test-case start='1675608807903' status='broken' stop='1675608807962'>
            <name>Change Border of doctor choose dropdown</name>
            <title>Change Border of doctor choose dropdown</title>
            <labels>
                <label name='language' value='javascript'/>
                <label name='framework' value='wdio'/>
                <label name='thread' value='1-0'/>
                <label name='language' value='javascript'/>
                <label name='framework' value='wdio'/>
                <label name='thread' value='1-0'/>
            </labels>
            <parameters>
                <parameter kind='argument' name='browser' value='firefox-109.0.1'/>
                <parameter kind='argument' name='browser' value='firefox-109.0.1'/>
            </parameters>
            <steps/>
            <attachments/>
            <failure>
                <message>pages(...).DropDown.isDisplayed is not a function</message>
                <stack-trace>TypeError: pages(...).DropDown.isDisplayed is not a function
                    at Context.&lt;anonymous> (C:\Users\Andrei_Hudkou2\Desktop\Learn\JS\AutomationBase\Course\ui_tests\src\tests\simple.tests.js:79:58)
                    at process.processTicksAndRejections (node:internal/process/task_queues:95:5)</stack-trace>
            </failure>
        </test-case>
        <test-case start='1675608807962' status='passed' stop='1675608812509'>
            <name>Cookie Actions</name>
            <title>Cookie Actions</title>
            <labels>
                <label name='language' value='javascript'/>
                <label name='framework' value='wdio'/>
                <label name='thread' value='1-0'/>
                <label name='language' value='javascript'/>
                <label name='framework' value='wdio'/>
                <label name='thread' value='1-0'/>
            </labels>
            <parameters>
                <parameter kind='argument' name='browser' value='firefox-109.0.1'/>
                <parameter kind='argument' name='browser' value='firefox-109.0.1'/>
            </parameters>
            <steps/>
            <attachments/>
        </test-case>
    </test-cases>
</ns2:test-suite>