<?xml version='1.0'?>
<ns2:test-suite xmlns:ns2='urn:model.allure.qatools.yandex.ru' start='1672774526169' stop='1672774530097'>
    <name>Watches Page</name>
    <title>Watches Page</title>
    <test-cases>
        <test-case start='1672774526169' status='passed' stop='1672774529280'>
            <name>should show banner container</name>
            <title>should show banner container</title>
            <labels>
                <label name='language' value='javascript'/>
                <label name='framework' value='wdio'/>
                <label name='thread' value='0-0'/>
            </labels>
            <parameters>
                <parameter kind='argument' name='browser' value='chrome-108.0.5359.125'/>
            </parameters>
            <steps/>
            <attachments/>
        </test-case>
        <test-case start='1672774529280' status='passed' stop='1672774529309'>
            <name>rightBannerTitle</name>
            <title>rightBannerTitle</title>
            <labels>
                <label name='language' value='javascript'/>
                <label name='framework' value='wdio'/>
                <label name='thread' value='0-0'/>
            </labels>
            <parameters>
                <parameter kind='argument' name='browser' value='chrome-108.0.5359.125'/>
            </parameters>
            <steps/>
            <attachments/>
        </test-case>
        <test-case start='1672774529310' status='broken' stop='1672774529695'>
            <name>Value to the search field</name>
            <title>Value to the search field</title>
            <labels>
                <label name='language' value='javascript'/>
                <label name='framework' value='wdio'/>
                <label name='thread' value='0-0'/>
            </labels>
            <parameters>
                <parameter kind='argument' name='browser' value='chrome-108.0.5359.125'/>
            </parameters>
            <steps/>
            <attachments/>
            <failure>
                <message>waitForDisplayed is not defined</message>
                <stack-trace>ReferenceError: waitForDisplayed is not defined
                    at Context.&lt;anonymous> (C:\Users\Andrei_Hudkou2\Desktop\Learn\JS\AutomationBase\UI\test\specs\ebay.spec.js:17:9)
                    at process.processTicksAndRejections (node:internal/process/task_queues:95:5)</stack-trace>
            </failure>
        </test-case>
        <test-case start='1672774529695' status='broken' stop='1672774529927'>
            <name>Update search field value</name>
            <title>Update search field value</title>
            <labels>
                <label name='language' value='javascript'/>
                <label name='framework' value='wdio'/>
                <label name='thread' value='0-0'/>
            </labels>
            <parameters>
                <parameter kind='argument' name='browser' value='chrome-108.0.5359.125'/>
            </parameters>
            <steps/>
            <attachments/>
            <failure>
                <message>waitForDisplayed is not defined</message>
                <stack-trace>ReferenceError: waitForDisplayed is not defined
                    at Context.&lt;anonymous> (C:\Users\Andrei_Hudkou2\Desktop\Learn\JS\AutomationBase\UI\test\specs\ebay.spec.js:26:9)
                    at process.processTicksAndRejections (node:internal/process/task_queues:95:5)</stack-trace>
            </failure>
        </test-case>
        <test-case start='1672774529927' status='passed' stop='1672774530096'>
            <name>Existing categories on the Page</name>
            <title>Existing categories on the Page</title>
            <labels>
                <label name='language' value='javascript'/>
                <label name='framework' value='wdio'/>
                <label name='thread' value='0-0'/>
            </labels>
            <parameters>
                <parameter kind='argument' name='browser' value='chrome-108.0.5359.125'/>
            </parameters>
            <steps/>
            <attachments/>
        </test-case>
    </test-cases>
</ns2:test-suite>