{
  "stats": {
    "suites": 5,
    "tests": 6,
    "passes": 6,
    "pending": 0,
    "failures": 0,
    "start": "2023-04-15T12:00:27.729Z",
    "end": "2023-04-15T12:00:30.021Z",
    "duration": 2292,
    "testsRegistered": 6,
    "passPercent": 100,
    "pendingPercent": 0,
    "other": 0,
    "hasOther": false,
    "skipped": 0,
    "hasSkipped": false
  },
  "results": [
    {
      "uuid": "bdc446f0-3a46-49ab-bd32-f68ceb89bab4",
      "title": "",
      "fullFile": "",
      "file": "",
      "beforeHooks": [],
      "afterHooks": [],
      "tests": [],
      "suites": [
        {
          "uuid": "999d17cf-13a2-4e1b-b7e8-aa428cd51c68",
          "title": "API test suite",
          "fullFile": "C:\\Users\\Andrei_Hudkou2\\Desktop\\Learn\\JS\\AutomationBase\\Course\\specs\\test.spec.js",
          "file": "\\specs\\test.spec.js",
          "beforeHooks": [],
          "afterHooks": [],
          "tests": [
            {
              "title": "GET post /1",
              "fullTitle": "API test suite GET post /1",
              "timedOut": false,
              "duration": 382,
              "state": "passed",
              "speed": "slow",
              "pass": true,
              "fail": false,
              "pending": false,
              "context": null,
              "code": "const response = await sendRequest(\"posts/1\")\nexpect(response.data.userId).to.equal(1);\nexpect(response.status).to.equal(200);",
              "err": {},
              "uuid": "e2d78da4-29be-44d2-8e3a-33d01902861c",
              "parentUUID": "999d17cf-13a2-4e1b-b7e8-aa428cd51c68",
              "isHook": false,
              "skipped": false
            },
            {
              "title": "Post posts",
              "fullTitle": "API test suite Post posts",
              "timedOut": false,
              "duration": 428,
              "state": "passed",
              "speed": "slow",
              "pass": true,
              "fail": false,
              "pending": false,
              "context": null,
              "code": "const response = await sendRequest(\"posts\",testData.postData,\"post\");\nexpect(response.status).to.equal(201);",
              "err": {},
              "uuid": "a732a011-eabe-4d74-b051-5a7f84a70ebf",
              "parentUUID": "999d17cf-13a2-4e1b-b7e8-aa428cd51c68",
              "isHook": false,
              "skipped": false
            }
          ],
          "suites": [],
          "passes": [
            "e2d78da4-29be-44d2-8e3a-33d01902861c",
            "a732a011-eabe-4d74-b051-5a7f84a70ebf"
          ],
          "failures": [],
          "pending": [],
          "skipped": [],
          "duration": 810,
          "root": false,
          "rootEmpty": false,
          "_timeout": 2000
        },
        {
          "uuid": "35d16d4f-a856-4b45-822f-ce4815b4eaed",
          "title": "Post test",
          "fullFile": "C:\\Users\\Andrei_Hudkou2\\Desktop\\Learn\\JS\\AutomationBase\\Course\\specs\\test.spec.js",
          "file": "\\specs\\test.spec.js",
          "beforeHooks": [],
          "afterHooks": [],
          "tests": [
            {
              "title": "Should create a new resource",
              "fullTitle": "Post test Should create a new resource",
              "timedOut": false,
              "duration": 354,
              "state": "passed",
              "speed": "slow",
              "pass": true,
              "fail": false,
              "pending": false,
              "context": null,
              "code": "testingData = {\n    \"title\": \"Andy\",\n    \"body\": \"bar\",\n    \"userId\": 455\n}\nconst response = await sendRequest(\"posts\",testData.testingData,\"post\")\nexpect(response.data.title).to.equal(\"Andy\")\nexpect(response.data.userId).to.equal(455)\nexpect(response.data.userId).not.to.equal(500)",
              "err": {},
              "uuid": "b813755d-b2cc-4ffb-853c-c1fc608951ef",
              "parentUUID": "35d16d4f-a856-4b45-822f-ce4815b4eaed",
              "isHook": false,
              "skipped": false
            }
          ],
          "suites": [],
          "passes": [
            "b813755d-b2cc-4ffb-853c-c1fc608951ef"
          ],
          "failures": [],
          "pending": [],
          "skipped": [],
          "duration": 354,
          "root": false,
          "rootEmpty": false,
          "_timeout": 2000
        },
        {
          "uuid": "b9633bdc-59ea-4c17-b8a2-6c6bd16af386",
          "title": "Put to update",
          "fullFile": "C:\\Users\\Andrei_Hudkou2\\Desktop\\Learn\\JS\\AutomationBase\\Course\\specs\\test.spec.js",
          "file": "\\specs\\test.spec.js",
          "beforeHooks": [],
          "afterHooks": [],
          "tests": [
            {
              "title": "Should update a new resource",
              "fullTitle": "Put to update Should update a new resource",
              "timedOut": false,
              "duration": 412,
              "state": "passed",
              "speed": "slow",
              "pass": true,
              "fail": false,
              "pending": false,
              "context": null,
              "code": "const responsik = await sendRequest(\"posts/1\",testData.testikData,\"put\")\nexpect(responsik.data.title).to.equal(\"updated\")",
              "err": {},
              "uuid": "10fd6c2d-d7a6-4f2f-9824-3084386c6e76",
              "parentUUID": "b9633bdc-59ea-4c17-b8a2-6c6bd16af386",
              "isHook": false,
              "skipped": false
            }
          ],
          "suites": [],
          "passes": [
            "10fd6c2d-d7a6-4f2f-9824-3084386c6e76"
          ],
          "failures": [],
          "pending": [],
          "skipped": [],
          "duration": 412,
          "root": false,
          "rootEmpty": false,
          "_timeout": 2000
        },
        {
          "uuid": "80f5620d-0d3e-42f1-9f7a-b6a23decc7b5",
          "title": "Delete method",
          "fullFile": "C:\\Users\\Andrei_Hudkou2\\Desktop\\Learn\\JS\\AutomationBase\\Course\\specs\\test.spec.js",
          "file": "\\specs\\test.spec.js",
          "beforeHooks": [],
          "afterHooks": [],
          "tests": [
            {
              "title": "should delete Resouce",
              "fullTitle": "Delete method should delete Resouce",
              "timedOut": false,
              "duration": 335,
              "state": "passed",
              "speed": "slow",
              "pass": true,
              "fail": false,
              "pending": false,
              "context": null,
              "code": "const responsikk = await sendRequest(\"posts/1\",null,\"delete\")\nexpect(responsikk.status).to.equal(200)\nexpect(responsikk.data).to.eql({ })",
              "err": {},
              "uuid": "cc2a60c0-bea8-4b76-8620-7f2e3af48767",
              "parentUUID": "80f5620d-0d3e-42f1-9f7a-b6a23decc7b5",
              "isHook": false,
              "skipped": false
            }
          ],
          "suites": [],
          "passes": [
            "cc2a60c0-bea8-4b76-8620-7f2e3af48767"
          ],
          "failures": [],
          "pending": [],
          "skipped": [],
          "duration": 335,
          "root": false,
          "rootEmpty": false,
          "_timeout": 2000
        },
        {
          "uuid": "afc6a13f-8426-467a-85ad-16a7e4672b54",
          "title": "post to unexisting record",
          "fullFile": "C:\\Users\\Andrei_Hudkou2\\Desktop\\Learn\\JS\\AutomationBase\\Course\\specs\\test.spec.js",
          "file": "\\specs\\test.spec.js",
          "beforeHooks": [],
          "afterHooks": [],
          "tests": [
            {
              "title": "Should return an error 404",
              "fullTitle": "post to unexisting record Should return an error 404",
              "timedOut": false,
              "duration": 354,
              "state": "passed",
              "speed": "slow",
              "pass": true,
              "fail": false,
              "pending": false,
              "context": null,
              "code": "const response = await sendRequest(\"posts/700\")\nexpect(response.status).to.equal(404)",
              "err": {},
              "uuid": "8af41bd7-38a0-4ffc-b191-d95f98325f11",
              "parentUUID": "afc6a13f-8426-467a-85ad-16a7e4672b54",
              "isHook": false,
              "skipped": false
            }
          ],
          "suites": [],
          "passes": [
            "8af41bd7-38a0-4ffc-b191-d95f98325f11"
          ],
          "failures": [],
          "pending": [],
          "skipped": [],
          "duration": 354,
          "root": false,
          "rootEmpty": false,
          "_timeout": 2000
        }
      ],
      "passes": [],
      "failures": [],
      "pending": [],
      "skipped": [],
      "duration": 0,
      "root": true,
      "rootEmpty": true,
      "_timeout": 2000
    }
  ],
  "meta": {
    "mocha": {
      "version": "10.2.0"
    },
    "mochawesome": {
      "options": {
        "quiet": false,
        "reportFilename": "mochawesome",
        "saveHtml": true,
        "saveJson": true,
        "consoleReporter": "spec",
        "useInlineDiffs": false,
        "code": true
      },
      "version": "7.1.3"
    },
    "marge": {
      "options": null,
      "version": "6.2.0"
    }
  }
}