{
  "stats": {
    "suites": 1,
    "tests": 6,
    "passes": 6,
    "pending": 0,
    "failures": 0,
    "start": "2023-03-27T16:11:28.053Z",
    "end": "2023-03-27T16:11:30.374Z",
    "duration": 2321,
    "testsRegistered": 6,
    "passPercent": 100,
    "pendingPercent": 0,
    "other": 0,
    "hasOther": false,
    "skipped": 0,
    "hasSkipped": false
  },
  "results": [
    {
      "uuid": "42eb5f22-dde2-4947-8400-74394beaa611",
      "title": "",
      "fullFile": "C:\\Users\\Andrei_Hudkou2\\Desktop\\Learn\\JS\\AutomationBase\\Course\\specs\\test.spec.js",
      "file": "\\specs\\test.spec.js",
      "beforeHooks": [],
      "afterHooks": [],
      "tests": [],
      "suites": [
        {
          "uuid": "edca1677-2d3c-47dd-9ff1-504697d84a9b",
          "title": "API test suite",
          "fullFile": "C:\\Users\\Andrei_Hudkou2\\Desktop\\Learn\\JS\\AutomationBase\\Course\\specs\\test.spec.js",
          "file": "\\specs\\test.spec.js",
          "beforeHooks": [],
          "afterHooks": [],
          "tests": [
            {
              "title": "GET post /1",
              "fullTitle": "API test suite GET post /1",
              "timedOut": false,
              "duration": 205,
              "state": "passed",
              "speed": "slow",
              "pass": true,
              "fail": false,
              "pending": false,
              "context": null,
              "code": "const response = await sendRequest(\"posts/1\")\nexpect(response.data.userId).to.equal(1);\nexpect(response.status).to.equal(200);",
              "err": {},
              "uuid": "12ec01c6-f49a-4491-91fa-56401b9eef94",
              "parentUUID": "edca1677-2d3c-47dd-9ff1-504697d84a9b",
              "isHook": false,
              "skipped": false
            },
            {
              "title": "Post posts",
              "fullTitle": "API test suite Post posts",
              "timedOut": false,
              "duration": 440,
              "state": "passed",
              "speed": "slow",
              "pass": true,
              "fail": false,
              "pending": false,
              "context": null,
              "code": "const response = await sendRequest(\"posts\",testData,\"post\");\nexpect(response.status).to.equal(201);",
              "err": {},
              "uuid": "09c4b6b2-32b5-4663-9aab-1d76fc35a8cb",
              "parentUUID": "edca1677-2d3c-47dd-9ff1-504697d84a9b",
              "isHook": false,
              "skipped": false
            },
            {
              "title": "createResourse",
              "fullTitle": "API test suite createResourse",
              "timedOut": false,
              "duration": 420,
              "state": "passed",
              "speed": "slow",
              "pass": true,
              "fail": false,
              "pending": false,
              "context": null,
              "code": "testingData = {\n    \"title\": \"Andy\",\n    \"body\": \"bar\",\n    \"userId\": 455\n}\nconst response = await sendRequest(\"posts\",testingData,\"post\")\nexpect(response.data.title).to.equal(\"Andy\")\nexpect(response.data.userId).to.equal(455)\nexpect(response.data.userId).not.to.equal(500)",
              "err": {},
              "uuid": "ff1764f3-73a5-4c89-851e-1940865d7b6b",
              "parentUUID": "edca1677-2d3c-47dd-9ff1-504697d84a9b",
              "isHook": false,
              "skipped": false
            },
            {
              "title": "updateResourse",
              "fullTitle": "API test suite updateResourse",
              "timedOut": false,
              "duration": 412,
              "state": "passed",
              "speed": "slow",
              "pass": true,
              "fail": false,
              "pending": false,
              "context": null,
              "code": "testikData = {\n    \"title\": \"updated\",\n    \"body\": \"bar\",\n    \"userId\": 4\n}\nconst responsik = await sendRequest(\"posts/1\",testikData,\"put\")\nexpect(responsik.data.title).to.equal(\"updated\")",
              "err": {},
              "uuid": "bfde9b87-db84-465e-a38f-db572eb75657",
              "parentUUID": "edca1677-2d3c-47dd-9ff1-504697d84a9b",
              "isHook": false,
              "skipped": false
            },
            {
              "title": "deleteResourse",
              "fullTitle": "API test suite deleteResourse",
              "timedOut": false,
              "duration": 447,
              "state": "passed",
              "speed": "slow",
              "pass": true,
              "fail": false,
              "pending": false,
              "context": null,
              "code": "const responsikk = await sendRequest(\"posts/1\",null,\"delete\")\nexpect(responsikk.status).to.equal(200)\nexpect(responsikk.data).to.eql({ })",
              "err": {},
              "uuid": "4fbcaffb-7c39-4eda-a42e-122cd8d57635",
              "parentUUID": "edca1677-2d3c-47dd-9ff1-504697d84a9b",
              "isHook": false,
              "skipped": false
            },
            {
              "title": "GET post /700",
              "fullTitle": "API test suite GET post /700",
              "timedOut": false,
              "duration": 376,
              "state": "passed",
              "speed": "slow",
              "pass": true,
              "fail": false,
              "pending": false,
              "context": null,
              "code": "const response = await sendRequest(\"posts/700\")\nexpect(response.status).to.equal(404)",
              "err": {},
              "uuid": "c5d0173b-cb9e-46c5-8a69-abc3489099e5",
              "parentUUID": "edca1677-2d3c-47dd-9ff1-504697d84a9b",
              "isHook": false,
              "skipped": false
            }
          ],
          "suites": [],
          "passes": [
            "12ec01c6-f49a-4491-91fa-56401b9eef94",
            "09c4b6b2-32b5-4663-9aab-1d76fc35a8cb",
            "ff1764f3-73a5-4c89-851e-1940865d7b6b",
            "bfde9b87-db84-465e-a38f-db572eb75657",
            "4fbcaffb-7c39-4eda-a42e-122cd8d57635",
            "c5d0173b-cb9e-46c5-8a69-abc3489099e5"
          ],
          "failures": [],
          "pending": [],
          "skipped": [],
          "duration": 2300,
          "root": false,
          "rootEmpty": false,
          "_timeout": 2000
        }
      ],
      "passes": [],
      "failures": [],
      "pending": [],
      "skipped": [],
      "duration": 0,
      "root": true,
      "rootEmpty": true,
      "_timeout": 2000
    }
  ],
  "meta": {
    "mocha": {
      "version": "10.2.0"
    },
    "mochawesome": {
      "options": {
        "quiet": false,
        "reportFilename": "mochawesome",
        "saveHtml": true,
        "saveJson": true,
        "consoleReporter": "spec",
        "useInlineDiffs": false,
        "code": true
      },
      "version": "7.1.3"
    },
    "marge": {
      "options": null,
      "version": "6.2.0"
    }
  }
}