{
  "stats": {
    "suites": 1,
    "tests": 5,
    "passes": 5,
    "pending": 0,
    "failures": 0,
    "start": "2023-03-27T16:03:33.804Z",
    "end": "2023-03-27T16:03:35.623Z",
    "duration": 1819,
    "testsRegistered": 5,
    "passPercent": 100,
    "pendingPercent": 0,
    "other": 0,
    "hasOther": false,
    "skipped": 0,
    "hasSkipped": false
  },
  "results": [
    {
      "uuid": "15a99934-ce76-4f05-96ee-2e82bd3196be",
      "title": "",
      "fullFile": "C:\\Users\\Andrei_Hudkou2\\Desktop\\Learn\\JS\\AutomationBase\\Course\\specs\\test.spec.js",
      "file": "\\specs\\test.spec.js",
      "beforeHooks": [],
      "afterHooks": [],
      "tests": [],
      "suites": [
        {
          "uuid": "09445e14-ad37-442f-9be5-501099f7b86a",
          "title": "API test suite",
          "fullFile": "C:\\Users\\Andrei_Hudkou2\\Desktop\\Learn\\JS\\AutomationBase\\Course\\specs\\test.spec.js",
          "file": "\\specs\\test.spec.js",
          "beforeHooks": [],
          "afterHooks": [],
          "tests": [
            {
              "title": "GET post /1",
              "fullTitle": "API test suite GET post /1",
              "timedOut": false,
              "duration": 224,
              "state": "passed",
              "speed": "slow",
              "pass": true,
              "fail": false,
              "pending": false,
              "context": null,
              "code": "const response = await sendRequest(\"posts/1\")\nexpect(response.data.userId).to.equal(1);\nexpect(response.status).to.equal(200);",
              "err": {},
              "uuid": "410fc6a9-d481-490b-a1f7-78d3b36f318d",
              "parentUUID": "09445e14-ad37-442f-9be5-501099f7b86a",
              "isHook": false,
              "skipped": false
            },
            {
              "title": "Post posts",
              "fullTitle": "API test suite Post posts",
              "timedOut": false,
              "duration": 381,
              "state": "passed",
              "speed": "slow",
              "pass": true,
              "fail": false,
              "pending": false,
              "context": null,
              "code": "const response = await sendRequest(\"posts\",testData.first ,\"post\");\nexpect(response.status).to.equal(201);",
              "err": {},
              "uuid": "afdc0e9f-021a-4f2a-8115-a0cc26384ca5",
              "parentUUID": "09445e14-ad37-442f-9be5-501099f7b86a",
              "isHook": false,
              "skipped": false
            },
            {
              "title": "createResourse",
              "fullTitle": "API test suite createResourse",
              "timedOut": false,
              "duration": 404,
              "state": "passed",
              "speed": "slow",
              "pass": true,
              "fail": false,
              "pending": false,
              "context": null,
              "code": "testingData = {\n    \"title\": \"Andy\",\n    \"body\": \"bar\",\n    \"userId\": 455\n}\nconst response = await sendRequest(\"posts\",testingData,\"post\")\nexpect(response.data.title).to.equal(\"Andy\")\nexpect(response.data.userId).to.equal(455)\nexpect(response.data.userId).not.to.equal(500)",
              "err": {},
              "uuid": "bd75be37-c12d-45bd-af1c-8b47865ed996",
              "parentUUID": "09445e14-ad37-442f-9be5-501099f7b86a",
              "isHook": false,
              "skipped": false
            },
            {
              "title": "updateResourse",
              "fullTitle": "API test suite updateResourse",
              "timedOut": false,
              "duration": 392,
              "state": "passed",
              "speed": "slow",
              "pass": true,
              "fail": false,
              "pending": false,
              "context": null,
              "code": "testikData = {\n    \"title\": \"updated\",\n    \"body\": \"bar\",\n    \"userId\": 4\n}\nconst responsik = await sendRequest(\"posts/1\",testikData,\"put\")\nexpect(responsik.data.title).to.equal(\"updated\")",
              "err": {},
              "uuid": "339e33a5-71ee-43b9-b8d2-a4d5bdc2773c",
              "parentUUID": "09445e14-ad37-442f-9be5-501099f7b86a",
              "isHook": false,
              "skipped": false
            },
            {
              "title": "deleteResourse",
              "fullTitle": "API test suite deleteResourse",
              "timedOut": false,
              "duration": 402,
              "state": "passed",
              "speed": "slow",
              "pass": true,
              "fail": false,
              "pending": false,
              "context": null,
              "code": "const responsikk = await sendRequest(\"posts/1\",null,\"delete\")\nexpect(responsikk.status).to.equal(200)\nexpect(responsikk.data).to.eql({ })",
              "err": {},
              "uuid": "954778e2-9f6b-42c6-92eb-78ab84b23eec",
              "parentUUID": "09445e14-ad37-442f-9be5-501099f7b86a",
              "isHook": false,
              "skipped": false
            }
          ],
          "suites": [],
          "passes": [
            "410fc6a9-d481-490b-a1f7-78d3b36f318d",
            "afdc0e9f-021a-4f2a-8115-a0cc26384ca5",
            "bd75be37-c12d-45bd-af1c-8b47865ed996",
            "339e33a5-71ee-43b9-b8d2-a4d5bdc2773c",
            "954778e2-9f6b-42c6-92eb-78ab84b23eec"
          ],
          "failures": [],
          "pending": [],
          "skipped": [],
          "duration": 1803,
          "root": false,
          "rootEmpty": false,
          "_timeout": 2000
        }
      ],
      "passes": [],
      "failures": [],
      "pending": [],
      "skipped": [],
      "duration": 0,
      "root": true,
      "rootEmpty": true,
      "_timeout": 2000
    }
  ],
  "meta": {
    "mocha": {
      "version": "10.2.0"
    },
    "mochawesome": {
      "options": {
        "quiet": false,
        "reportFilename": "mochawesome",
        "saveHtml": true,
        "saveJson": true,
        "consoleReporter": "spec",
        "useInlineDiffs": false,
        "code": true
      },
      "version": "7.1.3"
    },
    "marge": {
      "options": null,
      "version": "6.2.0"
    }
  }
}